<?xml version="1.0" encoding="UTF-8"?>
<!-- Generated by org.testng.reporters.JUnitReportReporter -->
<testsuite skipped="0" hostname="Karthick-PC" name="leafGround.HyperLink" tests="4" failures="0" timestamp="17 Aug 2018 10:50:44 GMT" time="3.774" errors="0">
  <testcase name="HomePage" time="0.593" classname="leafGround.HyperLink"/>
  <testcase name="WithoutClikingMe" time="0.558" classname="leafGround.HyperLink"/>
  <testcase name="BrokenLink" time="0.599" classname="leafGround.HyperLink"/>
  <testcase name="HomeLinkAgain" time="2.024" classname="leafGround.HyperLink"/>
</testsuite> <!-- leafGround.HyperLink -->
