<?xml version="1.0" encoding="UTF-8"?>
<!-- Generated by org.testng.reporters.JUnitReportReporter -->
<testsuite skipped="0" hostname="Karthick-PC" name="leafGround.Alerts" tests="1" failures="0" timestamp="02 Sep 2018 07:10:27 GMT" time="1.034" errors="0">
  <testcase name="HandleAlerts" time="1.034" classname="leafGround.Alerts"/>
</testsuite> <!-- leafGround.Alerts -->
