<?xml version="1.0" encoding="UTF-8"?>
<!-- Generated by org.testng.reporters.JUnitReportReporter -->
<testsuite skipped="0" hostname="Karthick-PC" name="leafGround.Edit" tests="4" failures="0" timestamp="19 Aug 2018 10:44:48 GMT" time="1.181" errors="0">
  <testcase name="Entertext" time="0.693" classname="leafGround.Edit"/>
  <testcase name="appendtext" time="0.270" classname="leafGround.Edit"/>
  <testcase name="getdeafulttext" time="0.054" classname="leafGround.Edit"/>
  <testcase name="cleartext" time="0.164" classname="leafGround.Edit"/>
</testsuite> <!-- leafGround.Edit -->
