<?xml version="1.0" encoding="UTF-8"?>
<!-- Generated by org.testng.reporters.JUnitReportReporter -->
<testsuite skipped="0" hostname="Karthick-PC" name="leafGround.IFrames" tests="1" failures="0" timestamp="02 Sep 2018 09:50:57 GMT" time="0.678" errors="0">
  <testcase name="HandleFrames" time="0.678" classname="leafGround.IFrames"/>
</testsuite> <!-- leafGround.IFrames -->
