<?xml version="1.0" encoding="UTF-8"?>
<!-- Generated by org.testng.reporters.JUnitReportReporter -->
<testsuite skipped="0" hostname="Karthick-PC" name="leafGround.ListBoxes" tests="1" failures="0" timestamp="20 Aug 2018 09:04:12 GMT" time="0.787" errors="0">
  <testcase name="OpenListBoxPage" time="0.787" classname="leafGround.ListBoxes"/>
</testsuite> <!-- leafGround.ListBoxes -->
