<?xml version="1.0" encoding="UTF-8"?>
<!-- Generated by org.testng.reporters.JUnitReportReporter -->
<testsuite skipped="0" hostname="Karthick-PC" name="leafGround.Images" tests="3" failures="0" timestamp="19 Aug 2018 10:35:36 GMT" time="8.432" errors="0">
  <testcase name="HomeImage" time="1.034" classname="leafGround.Images"/>
  <testcase name="brokenimage" time="0.439" classname="leafGround.Images"/>
  <testcase name="ThridImage" time="6.959" classname="leafGround.Images"/>
</testsuite> <!-- leafGround.Images -->
